<?xml version="1.0" encoding="UTF-8"?>
<testng-results ignored="0" total="1" passed="1" failed="0" skipped="0">
  <reporter-output>
  </reporter-output>
  <suite started-at="2025-01-12T23:36:49 IST" name="Suite" finished-at="2025-01-12T23:36:58 IST" duration-ms="9215">
    <groups>
      <group name="regression">
        <method signature="TC001_AccountResgistrationTest.Varify_account_reg_page()[pri:0, instance:testCases.TC001_AccountResgistrationTest@32c726ee]" name="Varify_account_reg_page" class="testCases.TC001_AccountResgistrationTest"/>
      </group> <!-- regression -->
    </groups>
    <test started-at="2025-01-12T23:36:49 IST" name="Test" finished-at="2025-01-12T23:36:58 IST" duration-ms="9215">
      <class name="testCases.TC001_AccountResgistrationTest">
        <test-method is-config="true" signature="setup(java.lang.String,java.lang.String)[pri:0, instance:testCases.TC001_AccountResgistrationTest@32c726ee]" started-at="2025-01-12T23:36:49 IST" name="setup" finished-at="2025-01-12T23:36:54 IST" duration-ms="5070" status="PASS">
          <params>
            <param index="0">
              <value>
                <![CDATA[Windows]]>
              </value>
            </param>
            <param index="1">
              <value>
                <![CDATA[Chrome]]>
              </value>
            </param>
          </params>
          <reporter-output>
          </reporter-output>
        </test-method> <!-- setup -->
        <test-method signature="Varify_account_reg_page()[pri:0, instance:testCases.TC001_AccountResgistrationTest@32c726ee]" started-at="2025-01-12T23:36:54 IST" name="Varify_account_reg_page" finished-at="2025-01-12T23:36:58 IST" duration-ms="3380" status="PASS">
          <reporter-output>
          </reporter-output>
        </test-method> <!-- Varify_account_reg_page -->
        <test-method is-config="true" signature="teardown()[pri:0, instance:testCases.TC001_AccountResgistrationTest@32c726ee]" started-at="2025-01-12T23:36:58 IST" name="teardown" finished-at="2025-01-12T23:36:58 IST" duration-ms="241" status="PASS">
          <reporter-output>
          </reporter-output>
        </test-method> <!-- teardown -->
      </class> <!-- testCases.TC001_AccountResgistrationTest -->
    </test> <!-- Test -->
  </suite> <!-- Suite -->
</testng-results>
